#! /usr/bin/vvp
:ivl_version "12.0 (stable)";
:ivl_delay_selection "TYPICAL";
:vpi_time_precision + 0;
:vpi_module "/usr/lib64/ivl/system.vpi";
:vpi_module "/usr/lib64/ivl/vhdl_sys.vpi";
:vpi_module "/usr/lib64/ivl/vhdl_textio.vpi";
:vpi_module "/usr/lib64/ivl/v2005_math.vpi";
:vpi_module "/usr/lib64/ivl/va_math.vpi";
S_0x563d5e0b4c30 .scope module, "sync_fifo" "sync_fifo" 2 1;
 .timescale 0 0;
    .port_info 0 /INPUT 1 "clk";
    .port_info 1 /INPUT 1 "nrst";
    .port_info 2 /INPUT 1 "upstr_d_valid";
    .port_info 3 /INPUT 33 "upstr_data";
    .port_info 4 /OUTPUT 1 "upstr_d_ready";
    .port_info 5 /OUTPUT 1 "downstr_d_valid";
    .port_info 6 /OUTPUT 33 "downstr_data";
    .port_info 7 /INPUT 1 "downstr_d_ready";
o0x7f7f1a6bd2e8 .functor BUFZ 1, C4<z>; HiZ drive
L_0x563d5e0e0fc0 .functor AND 1, o0x7f7f1a6bd2e8, L_0x563d5e0e10c0, C4<1>, C4<1>;
o0x7f7f1a6bd108 .functor BUFZ 1, C4<z>; HiZ drive
L_0x563d5e0e1050 .functor AND 1, L_0x563d5e0e1130, o0x7f7f1a6bd108, C4<1>, C4<1>;
L_0x563d5e0e10c0 .functor NOT 1, v0x563d5e0dfe40_0, C4<0>, C4<0>, C4<0>;
L_0x563d5e0e1130 .functor NOT 1, v0x563d5e0b4e90_0, C4<0>, C4<0>, C4<0>;
v0x563d5e0b4e90_0 .var "buf_empty", 0 0;
v0x563d5e0dfd80_0 .var "buf_empty_next", 0 0;
v0x563d5e0dfe40_0 .var "buf_full", 0 0;
v0x563d5e0dfee0_0 .var "buf_full_next", 0 0;
v0x563d5e0dffa0 .array "buffer", 0 1023, 32 0;
o0x7f7f1a6bd0d8 .functor BUFZ 1, C4<z>; HiZ drive
v0x563d5e0e00b0_0 .net "clk", 0 0, o0x7f7f1a6bd0d8;  0 drivers
v0x563d5e0e0170_0 .net "downstr_d_ready", 0 0, o0x7f7f1a6bd108;  0 drivers
v0x563d5e0e0230_0 .net "downstr_d_valid", 0 0, L_0x563d5e0e1130;  1 drivers
v0x563d5e0e02f0_0 .var "downstr_data", 32 0;
v0x563d5e0e03d0_0 .var "downstr_ptr", 9 0;
v0x563d5e0e04b0_0 .var "downstr_ptr_next", 9 0;
v0x563d5e0e0590_0 .var "filled_amt", 9 0;
v0x563d5e0e0670_0 .var "filled_amt_next", 9 0;
o0x7f7f1a6bd258 .functor BUFZ 1, C4<z>; HiZ drive
v0x563d5e0e0750_0 .net "nrst", 0 0, o0x7f7f1a6bd258;  0 drivers
v0x563d5e0e0810_0 .net "read_en", 0 0, L_0x563d5e0e1050;  1 drivers
v0x563d5e0e08d0_0 .net "upstr_d_ready", 0 0, L_0x563d5e0e10c0;  1 drivers
v0x563d5e0e0990_0 .net "upstr_d_valid", 0 0, o0x7f7f1a6bd2e8;  0 drivers
o0x7f7f1a6bd318 .functor BUFZ 33, C4<zzzzzzzzzzzzzzzzzzzzzzzzzzzzzzzzz>; HiZ drive
v0x563d5e0e0b60_0 .net "upstr_data", 32 0, o0x7f7f1a6bd318;  0 drivers
v0x563d5e0e0c40_0 .var "upstr_ptr", 9 0;
v0x563d5e0e0d20_0 .var "upstr_ptr_next", 9 0;
v0x563d5e0e0e00_0 .net "write_en", 0 0, L_0x563d5e0e0fc0;  1 drivers
E_0x563d5e0c3c70/0 .event negedge, v0x563d5e0e0750_0;
E_0x563d5e0c3c70/1 .event posedge, v0x563d5e0e00b0_0;
E_0x563d5e0c3c70 .event/or E_0x563d5e0c3c70/0, E_0x563d5e0c3c70/1;
E_0x563d5e0c5200/0 .event anyedge, v0x563d5e0e0e00_0, v0x563d5e0e0c40_0, v0x563d5e0e0810_0, v0x563d5e0e03d0_0;
E_0x563d5e0c5200/1 .event anyedge, v0x563d5e0e0590_0, v0x563d5e0e0670_0;
E_0x563d5e0c5200 .event/or E_0x563d5e0c5200/0, E_0x563d5e0c5200/1;
    .scope S_0x563d5e0b4c30;
T_0 ;
    %wait E_0x563d5e0c5200;
    %load/vec4 v0x563d5e0e0e00_0;
    %flag_set/vec4 8;
    %jmp/0xz  T_0.0, 8;
    %load/vec4 v0x563d5e0e0c40_0;
    %addi 1, 0, 10;
    %store/vec4 v0x563d5e0e0d20_0, 0, 10;
    %jmp T_0.1;
T_0.0 ;
    %load/vec4 v0x563d5e0e0c40_0;
    %store/vec4 v0x563d5e0e0d20_0, 0, 10;
T_0.1 ;
    %load/vec4 v0x563d5e0e0810_0;
    %flag_set/vec4 8;
    %jmp/0xz  T_0.2, 8;
    %load/vec4 v0x563d5e0e03d0_0;
    %addi 1, 0, 10;
    %store/vec4 v0x563d5e0e04b0_0, 0, 10;
    %jmp T_0.3;
T_0.2 ;
    %load/vec4 v0x563d5e0e03d0_0;
    %store/vec4 v0x563d5e0e04b0_0, 0, 10;
T_0.3 ;
    %load/vec4 v0x563d5e0e0e00_0;
    %flag_set/vec4 9;
    %flag_get/vec4 9;
    %jmp/0 T_0.7, 9;
    %load/vec4 v0x563d5e0e0810_0;
    %and;
T_0.7;
    %flag_set/vec4 8;
    %jmp/1 T_0.6, 8;
    %load/vec4 v0x563d5e0e0e00_0;
    %inv;
    %flag_set/vec4 10;
    %flag_get/vec4 10;
    %jmp/0 T_0.8, 10;
    %load/vec4 v0x563d5e0e0810_0;
    %inv;
    %and;
T_0.8;
    %flag_set/vec4 9;
    %flag_or 8, 9;
T_0.6;
    %jmp/0xz  T_0.4, 8;
    %load/vec4 v0x563d5e0e0590_0;
    %store/vec4 v0x563d5e0e0670_0, 0, 10;
    %jmp T_0.5;
T_0.4 ;
    %load/vec4 v0x563d5e0e0e00_0;
    %flag_set/vec4 8;
    %jmp/0xz  T_0.9, 8;
    %load/vec4 v0x563d5e0e0590_0;
    %addi 1, 0, 10;
    %store/vec4 v0x563d5e0e0670_0, 0, 10;
    %jmp T_0.10;
T_0.9 ;
    %load/vec4 v0x563d5e0e0590_0;
    %subi 1, 0, 10;
    %store/vec4 v0x563d5e0e0670_0, 0, 10;
T_0.10 ;
T_0.5 ;
    %load/vec4 v0x563d5e0e0670_0;
    %cmpi/e 1023, 0, 10;
    %jmp/0xz  T_0.11, 4;
    %pushi/vec4 1, 0, 1;
    %store/vec4 v0x563d5e0dfee0_0, 0, 1;
    %jmp T_0.12;
T_0.11 ;
    %pushi/vec4 0, 0, 1;
    %store/vec4 v0x563d5e0dfee0_0, 0, 1;
T_0.12 ;
    %load/vec4 v0x563d5e0e03d0_0;
    %load/vec4 v0x563d5e0e0c40_0;
    %cmp/e;
    %flag_get/vec4 4;
    %jmp/0 T_0.15, 4;
    %load/vec4 v0x563d5e0e0590_0;
    %pad/u 32;
    %pushi/vec4 0, 0, 32;
    %cmp/e;
    %flag_get/vec4 4;
    %and;
T_0.15;
    %flag_set/vec4 8;
    %jmp/0xz  T_0.13, 8;
    %pushi/vec4 1, 0, 1;
    %store/vec4 v0x563d5e0dfd80_0, 0, 1;
    %jmp T_0.14;
T_0.13 ;
    %pushi/vec4 0, 0, 1;
    %store/vec4 v0x563d5e0dfd80_0, 0, 1;
T_0.14 ;
    %jmp T_0;
    .thread T_0, $push;
    .scope S_0x563d5e0b4c30;
T_1 ;
    %wait E_0x563d5e0c3c70;
    %load/vec4 v0x563d5e0e0750_0;
    %inv;
    %flag_set/vec4 8;
    %jmp/0xz  T_1.0, 8;
    %pushi/vec4 0, 0, 10;
    %assign/vec4 v0x563d5e0e0c40_0, 0;
    %pushi/vec4 0, 0, 10;
    %assign/vec4 v0x563d5e0e03d0_0, 0;
    %pushi/vec4 0, 0, 10;
    %assign/vec4 v0x563d5e0e0590_0, 0;
    %pushi/vec4 0, 0, 1;
    %assign/vec4 v0x563d5e0dfe40_0, 0;
    %pushi/vec4 1, 0, 1;
    %assign/vec4 v0x563d5e0b4e90_0, 0;
    %jmp T_1.1;
T_1.0 ;
    %load/vec4 v0x563d5e0e0d20_0;
    %assign/vec4 v0x563d5e0e0c40_0, 0;
    %load/vec4 v0x563d5e0e04b0_0;
    %assign/vec4 v0x563d5e0e03d0_0, 0;
    %load/vec4 v0x563d5e0e0670_0;
    %assign/vec4 v0x563d5e0e0590_0, 0;
    %load/vec4 v0x563d5e0dfee0_0;
    %assign/vec4 v0x563d5e0dfe40_0, 0;
    %load/vec4 v0x563d5e0dfd80_0;
    %assign/vec4 v0x563d5e0b4e90_0, 0;
    %load/vec4 v0x563d5e0e0e00_0;
    %flag_set/vec4 8;
    %jmp/0xz  T_1.2, 8;
    %load/vec4 v0x563d5e0e0b60_0;
    %load/vec4 v0x563d5e0e0c40_0;
    %pad/u 12;
    %ix/vec4 3;
    %ix/load 4, 0, 0; Constant delay
    %assign/vec4/a/d v0x563d5e0dffa0, 0, 4;
T_1.2 ;
    %load/vec4 v0x563d5e0e0810_0;
    %flag_set/vec4 8;
    %jmp/0xz  T_1.4, 8;
    %load/vec4 v0x563d5e0e03d0_0;
    %pad/u 12;
    %ix/vec4 4;
    %load/vec4a v0x563d5e0dffa0, 4;
    %assign/vec4 v0x563d5e0e02f0_0, 0;
T_1.4 ;
T_1.1 ;
    %jmp T_1;
    .thread T_1;
# The file index is used to find the file name in the following table.
:file_names 3;
    "N/A";
    "<interactive>";
    "sync_fifo.v";
